[Licensing::Module] Trying to connect to existing licensing client channel...
Built from '6000.5/staging' branch; Version is '6000.5.3f1 (c2eb47b3a2a9) revision 12774215'; Using compiler version '194234433'; Build Type 'Release'
[Licensing::IpcConnector] Successfully connected to: "LicenseClient-xarad" at "2026-07-12T10:58:57.8572919Z"
OS: 'Windows 11  (10.0.26200) Core' Language: 'pl' Physical Memory: 32424 MB
BatchMode: 1, IsHumanControllingUs: 0, StartBugReporterOnCrash: 0, Is64bit: 1
System  architecture: x64
Process architecture: x64
Date: 2026-07-12T10:58:57Z
[Licensing::Client] Error: HandshakeResponse reported an error:
	ResponseCode: 505
	ResponseStatus: Unsupported protocol version '1.18.1'.
[Licensing::Module] Error: Failed to handshake to channel: "LicenseClient-xarad"
[Licensing::IpcConnector] LicenseClient-xarad channel disconnected successfully.
[Licensing::IpcConnector] Channel LicenseClient-xarad-6000.5.3 doesn't exist
[Licensing::Module] Successfully launched the LicensingClient (PId: 142776)
[Licensing::IpcConnector] Successfully connected to: "LicenseClient-xarad-6000.5.3" at "2026-07-12T10:58:58.7510015Z"
[Licensing::Client] Code 10 while verifying Licensing Client signature (process Id: 142776, path: "C:/Program Files/Unity/Hub/Editor/6000.5.3f1/Editor/Data/Resources/Licensing/Client/Unity.Licensing.Client.exe")
[Licensing::Module] LicensingClient has failed validation; ignoring

COMMAND LINE ARGUMENTS:
C:\Program Files\Unity\Hub\Editor\6000.5.3f1\Editor\Unity.exe
-batchmode
-quit
-projectPath
C:\Users\xarad\Alko-Olimpiada-Game\AlkoOlimpiada
-executeMethod
ProjectBootstrap.AddGroundRef
-logFile
C:\Users\xarad\Alko-Olimpiada-Game\AlkoOlimpiada\groundref.log
Successfully changed project path to: C:\Users\xarad\Alko-Olimpiada-Game\AlkoOlimpiada
C:/Users/xarad/Alko-Olimpiada-Game/AlkoOlimpiada
[UnityMemory] Configuration Parameters - Can be set up in boot.config
    "memorysetup-temp-allocator-size-gi-baking-worker=262144"
    "memorysetup-temp-allocator-size-gi-baking-worker=262144"
    "memorysetup-temp-allocator-size-gi-baking-worker=262144"
    "memorysetup-temp-allocator-size-gi-baking-worker=262144"
    "memorysetup-temp-allocator-size-gi-baking-worker=262144"
    "memorysetup-temp-allocator-size-nav-mesh-worker=65536"
    "memorysetup-temp-allocator-size-audio-worker=65536"
    "memorysetup-temp-allocator-size-cloud-worker=32768"
    "memorysetup-temp-allocator-size-gfx=262144"
    "memorysetup-temp-allocator-size-preload-manager=33554432"
    "memorysetup-allocator-temp-initial-block-size-main=262144"
    "memorysetup-allocator-temp-initial-block-size-worker=262144"
    "memorysetup-temp-allocator-size-job-worker=262144"
    "memorysetup-temp-allocator-size-background-worker=32768"
    "memorysetup-bucket-allocator-granularity=16"
    "memorysetup-bucket-allocator-bucket-count=8"
    "memorysetup-bucket-allocator-block-size=33554432"
    "memorysetup-bucket-allocator-block-count=8"
    "memorysetup-main-allocator-block-size=16777216"
    "memorysetup-thread-allocator-block-size=16777216"
    "memorysetup-main-allocator-mimalloc-enabled=0"
    "memorysetup-gfx-main-allocator-block-size=16777216"
    "memorysetup-gfx-thread-allocator-block-size=16777216"
    "memorysetup-cache-allocator-block-size=4194304"
    "memorysetup-typetree-allocator-block-size=2097152"
    "memorysetup-profiler-bucket-allocator-granularity=16"
    "memorysetup-profiler-bucket-allocator-bucket-count=8"
    "memorysetup-profiler-bucket-allocator-block-size=33554432"
    "memorysetup-profiler-bucket-allocator-block-count=8"
    "memorysetup-profiler-allocator-block-size=16777216"
    "memorysetup-profiler-editor-allocator-block-size=1048576"
    "memorysetup-temp-allocator-size-main=16777216"
    "memorysetup-job-temp-allocator-block-size=2097152"
    "memorysetup-job-temp-allocator-block-size-background=1048576"
    "memorysetup-job-temp-allocator-reduction-small-platforms=262144"
Logging is directed to a specific file, skipping project log.Player connection [134176]  Target information:

Player connection [134176]  * "[IP] 192.168.100.74 [Port] 55504 [Flags] 2 [Guid] 2678410829 [EditorId] 2678410829 [Version] 1048832 [Id] WindowsEditor(7,Adrian) [Debug] 1 [PackageName] WindowsEditor [ProjectName] Editor" 

Player connection [134176] Host joined multi-casting on [225.0.0.222:54997]...
Player connection [134176] Host joined alternative multi-casting on [225.0.0.222:34997]...
Input System module state changed to: Initialized.
[Physics::Module] Initialized fallback backend.
[Physics::Module] Id: 0xdecafbad
[Licensing::Client] Handshaking with LicensingClient:
  Version:                 1.18.1+9fbee8e
  Session Id:              65e9721d010a4e839884cd7fcfdc9f7f
  Correlation Id:          4f92b2be17b5ede19ca27bff78f003e6
  External correlation Id: 704209483536848110
  Machine Id:              21G62mCnPenogjNvmLe27qd98KE=
[Licensing::Module] Successfully connected to LicensingClient on channel: "LicenseClient-xarad-6000.5.3" (connect: 0.25s, validation: 0.30s, handshake: 0.00s)
[Licensing::IpcConnector] Successfully connected to: "LicenseClient-xarad-6000.5.3-notifications" at "2026-07-12T10:58:59.0556414Z"
[Licensing::Module] Connected to LicensingClient (PId: 142776, launch time: 0.01, total connection time: 0.55s)
[Licensing::Module] Error: Access token is unavailable; failed to update
[Licensing::Client] Successfully resolved entitlement details
[Licensing::Module] License group:
  Id: 7972593181078-UnityPersXXXX
  Product: Unity Personal
  Type: Assigned
  Expiration: Unlimited
[Package Manager] Connected to IPC stream "Upm-142624" after 0.2 seconds.
[Licensing::Module] Licensing is not yet initialized.
[Licensing::Client] Successfully updated license, isAsync: True, time: 0.01
[Licensing::Client] Successfully resolved entitlement details
[Licensing::Module] Licensing Background thread has ended after 1.26s
[Licensing::Module] Licensing is initialized (took 0.01s).
[Licensing::Client] Successfully resolved entitlement details
Library Redirect Path: Library/
[Physics::Module] Selected backend.
[Physics::Module] Name: PhysX
[Physics::Module] Id: 0xf2b8ea05
[Physics::Module] SDK Version: 4.1.2
[Physics::Module] Integration Version: 1.0.0
[Physics::Module] Threading Mode: Multi-Threaded
Artifact Garbage Collection - Removed 2 unused hashed content files
Initialize engine version: 6000.5.3f1 (c2eb47b3a2a9)
[Subsystems] Discovering subsystems at path C:/Program Files/Unity/Hub/Editor/6000.5.3f1/Editor/Data/Resources/UnitySubsystems
[Subsystems] Discovering subsystems at path C:/Users/xarad/Alko-Olimpiada-Game/AlkoOlimpiada/Assets
GfxDevice: creating device client; kGfxThreadingModeNonThreaded
d3d12: failed to query info queue interface (0x80004002).
Direct3D:
    Version:         Direct3D 12 [level 12.2]
    Renderer:        NVIDIA GeForce RTX 4060 Laptop GPU (ID=0x28e0)
    Vendor:          NVIDIA
    VRAM:            7956 MB
    App VRAM Budget: 7188 MB
    Driver:          32.0.16.1047
Initialize mono
Mono path[0] = 'C:/Program Files/Unity/Hub/Editor/6000.5.3f1/Editor/Data/Managed'
Mono path[1] = 'C:/Program Files/Unity/Hub/Editor/6000.5.3f1/Editor/Data/BCLExtensions/runtime/netstandard2.1'
Mono path[2] = 'C:/Program Files/Unity/Hub/Editor/6000.5.3f1/Editor/Data/MonoBleedingEdge/lib/mono/unityjit-win32'
Mono config path = 'C:/Program Files/Unity/Hub/Editor/6000.5.3f1/Editor/Data/MonoBleedingEdge/etc'
Using monoOptions --debugger-agent=transport=dt_socket,embedding=1,server=y,suspend=n,address=127.0.0.1:56624
CodeReloadManager initialized
ImportWorker Server TCP listen port: 0
AcceleratorClientConnectionCallback - disconnected - :0
Begin MonoManager ReloadAssembly
Registering precompiled unity dll's ...
Register platform support module: C:/Program Files/Unity/Hub/Editor/6000.5.3f1/Editor/Data/PlaybackEngines/WebGLSupport/UnityEditor.WebGL.Extensions.dll
Register platform support module: C:/Program Files/Unity/Hub/Editor/6000.5.3f1/Editor/Data/PlaybackEngines/WindowsStandaloneSupport/UnityEditor.WindowsStandalone.Extensions.dll
Registered in 0.001779 seconds.
Native extension for WindowsStandalone target not found
Native extension for WebGL target not found
Package Manager log level set to [2]
ScheduleIndexationOnStartup MainProcess:False IndexOnStartup:True
Mono: successfully reloaded assembly
- Finished resetting the current domain, in  0.290 seconds
Domain Reload Profiling: 700ms
	BeginReloadAssembly (111ms)
		CreateAndSetChildDomain (12ms)
	RebuildCommonClasses (4ms)
	RebuildNativeTypeToScriptingClass (13ms)
	initialDomainReloadingComplete (51ms)
	LoadAllAssembliesAndSetupDomain (229ms)
		LoadAssemblies (97ms)
		AnalyzeDomain (164ms)
			TypeCache.Refresh (163ms)
				TypeCache.ScanAssembly (152ms)
	FinalizeReload (292ms)
		SetupLoadedEditorAssemblies (0ms)
			BeforeProcessingInitializeOnLoad (65ms)
			ProcessInitializeOnLoadAttributes (75ms)
			ProcessInitializeOnLoadMethodAttributes (90ms)
[Licensing::Client] Successfully resolved entitlement details
Application.AssetDatabase Initial Refresh Start
[Package Manager] Restoring resolved packages state from cache
[Licensing::Client] Successfully resolved entitlement details
[Package Manager] Registered 64 packages:
  Packages from [https://packages.unity.com]:
    com.unity.ai.assistant@2.13.0-pre.2 (location: C:\Users\xarad\Alko-Olimpiada-Game\AlkoOlimpiada\Library\PackageCache\com.unity.ai.assistant@6fee27370e6a)
    com.unity.ai.inference@2.6.1 (location: C:\Users\xarad\Alko-Olimpiada-Game\AlkoOlimpiada\Library\PackageCache\com.unity.ai.inference@9a123aee5df7)
    com.unity.inputsystem@1.19.0 (location: C:\Users\xarad\Alko-Olimpiada-Game\AlkoOlimpiada\Library\PackageCache\com.unity.inputsystem@21a28c3a6c83)
    com.unity.netcode.gameobjects@2.13.0 (location: C:\Users\xarad\Alko-Olimpiada-Game\AlkoOlimpiada\Library\PackageCache\com.unity.netcode.gameobjects@0f12e689d980)
    com.unity.services.authentication@3.7.3 (location: C:\Users\xarad\Alko-Olimpiada-Game\AlkoOlimpiada\Library\PackageCache\com.unity.services.authentication@4e591ebe4d6b)
    com.unity.services.relay@1.1.1 (location: C:\Users\xarad\Alko-Olimpiada-Game\AlkoOlimpiada\Library\PackageCache\com.unity.services.relay@8184f21eb2dd)
    com.unity.services.vivox@16.11.0 (location: C:\Users\xarad\Alko-Olimpiada-Game\AlkoOlimpiada\Library\PackageCache\com.unity.services.vivox@50a15770bdad)
    com.unity.services.core@1.18.0 (location: C:\Users\xarad\Alko-Olimpiada-Game\AlkoOlimpiada\Library\PackageCache\com.unity.services.core@3464cb68d709)
    com.unity.settings-manager@2.1.1 (location: C:\Users\xarad\Alko-Olimpiada-Game\AlkoOlimpiada\Library\PackageCache\com.unity.settings-manager@0b8638c5ce86)
    com.unity.nuget.newtonsoft-json@3.2.2 (location: C:\Users\xarad\Alko-Olimpiada-Game\AlkoOlimpiada\Library\PackageCache\com.unity.nuget.newtonsoft-json@4dfd81071c64)
    com.unity.services.qos@1.4.1 (location: C:\Users\xarad\Alko-Olimpiada-Game\AlkoOlimpiada\Library\PackageCache\com.unity.services.qos@03d4b52d4980)
    com.unity.nuget.mono-cecil@1.11.6 (location: C:\Users\xarad\Alko-Olimpiada-Game\AlkoOlimpiada\Library\PackageCache\com.unity.nuget.mono-cecil@ecb9724e46ff)
    com.unity.burst@1.8.29 (location: C:\Users\xarad\Alko-Olimpiada-Game\AlkoOlimpiada\Library\PackageCache\com.unity.burst@6bb9aca3ef38)
    com.unity.dt.app-ui@2.1.7 (location: C:\Users\xarad\Alko-Olimpiada-Game\AlkoOlimpiada\Library\PackageCache\com.unity.dt.app-ui@b097002a00c2)
    com.unity.searcher@4.9.4 (location: C:\Users\xarad\Alko-Olimpiada-Game\AlkoOlimpiada\Library\PackageCache\com.unity.searcher@d45a78918735)
    com.unity.test-framework.performance@3.5.0 (location: C:\Users\xarad\Alko-Olimpiada-Game\AlkoOlimpiada\Library\PackageCache\com.unity.test-framework.performance@8b56083ec0f0)
  Built-in packages:
    com.unity.multiplayer.center@1.0.1 (location: C:\Users\xarad\Alko-Olimpiada-Game\AlkoOlimpiada\Library\PackageCache\com.unity.multiplayer.center@b860850997d0)
    com.unity.render-pipelines.universal@17.5.0 (location: C:\Users\xarad\Alko-Olimpiada-Game\AlkoOlimpiada\Library\PackageCache\com.unity.render-pipelines.universal@276396f56b3f)
    com.unity.ugui@2.5.0 (location: C:\Users\xarad\Alko-Olimpiada-Game\AlkoOlimpiada\Library\PackageCache\com.unity.ugui@377fd60ad87b)
    com.unity.modules.accessibility@1.0.0 (location: C:\Users\xarad\Alko-Olimpiada-Game\AlkoOlimpiada\Library\PackageCache\com.unity.modules.accessibility)
    com.unity.modules.adaptiveperformance@1.0.0 (location: C:\Users\xarad\Alko-Olimpiada-Game\AlkoOlimpiada\Library\PackageCache\com.unity.modules.adaptiveperformance)
    com.unity.modules.ai@1.0.0 (location: C:\Users\xarad\Alko-Olimpiada-Game\AlkoOlimpiada\Library\PackageCache\com.unity.modules.ai)
    com.unity.modules.androidjni@1.0.0 (location: C:\Users\xarad\Alko-Olimpiada-Game\AlkoOlimpiada\Library\PackageCache\com.unity.modules.androidjni)
    com.unity.modules.animation@1.0.0 (location: C:\Users\xarad\Alko-Olimpiada-Game\AlkoOlimpiada\Library\PackageCache\com.unity.modules.animation)
    com.unity.modules.assetbundle@1.0.0 (location: C:\Users\xarad\Alko-Olimpiada-Game\AlkoOlimpiada\Library\PackageCache\com.unity.modules.assetbundle)
    com.unity.modules.audio@1.0.0 (location: C:\Users\xarad\Alko-Olimpiada-Game\AlkoOlimpiada\Library\PackageCache\com.unity.modules.audio)
    com.unity.modules.cloth@1.0.0 (location: C:\Users\xarad\Alko-Olimpiada-Game\AlkoOlimpiada\Library\PackageCache\com.unity.modules.cloth)
    com.unity.modules.director@1.0.0 (location: C:\Users\xarad\Alko-Olimpiada-Game\AlkoOlimpiada\Library\PackageCache\com.unity.modules.director)
    com.unity.modules.imageconversion@1.0.0 (location: C:\Users\xarad\Alko-Olimpiada-Game\AlkoOlimpiada\Library\PackageCache\com.unity.modules.imageconversion)
    com.unity.modules.imgui@1.0.0 (location: C:\Users\xarad\Alko-Olimpiada-Game\AlkoOlimpiada\Library\PackageCache\com.unity.modules.imgui)
    com.unity.modules.jsonserialize@1.0.0 (location: C:\Users\xarad\Alko-Olimpiada-Game\AlkoOlimpiada\Library\PackageCache\com.unity.modules.jsonserialize)
    com.unity.modules.particlesystem@1.0.0 (location: C:\Users\xarad\Alko-Olimpiada-Game\AlkoOlimpiada\Library\PackageCache\com.unity.modules.particlesystem)
    com.unity.modules.physics@1.0.0 (location: C:\Users\xarad\Alko-Olimpiada-Game\AlkoOlimpiada\Library\PackageCache\com.unity.modules.physics)
    com.unity.modules.physics2d@1.0.0 (location: C:\Users\xarad\Alko-Olimpiada-Game\AlkoOlimpiada\Library\PackageCache\com.unity.modules.physics2d)
    com.unity.modules.physicscore2d@1.0.0 (location: C:\Users\xarad\Alko-Olimpiada-Game\AlkoOlimpiada\Library\PackageCache\com.unity.modules.physicscore2d)
    com.unity.modules.screencapture@1.0.0 (location: C:\Users\xarad\Alko-Olimpiada-Game\AlkoOlimpiada\Library\PackageCache\com.unity.modules.screencapture)
    com.unity.modules.terrain@1.0.0 (location: C:\Users\xarad\Alko-Olimpiada-Game\AlkoOlimpiada\Library\PackageCache\com.unity.modules.terrain)
    com.unity.modules.terrainphysics@1.0.0 (location: C:\Users\xarad\Alko-Olimpiada-Game\AlkoOlimpiada\Library\PackageCache\com.unity.modules.terrainphysics)
    com.unity.modules.tilemap@1.0.0 (location: C:\Users\xarad\Alko-Olimpiada-Game\AlkoOlimpiada\Library\PackageCache\com.unity.modules.tilemap)
    com.unity.modules.ui@1.0.0 (location: C:\Users\xarad\Alko-Olimpiada-Game\AlkoOlimpiada\Library\PackageCache\com.unity.modules.ui)
    com.unity.modules.uielements@1.0.0 (location: C:\Users\xarad\Alko-Olimpiada-Game\AlkoOlimpiada\Library\PackageCache\com.unity.modules.uielements)
    com.unity.modules.umbra@1.0.0 (location: C:\Users\xarad\Alko-Olimpiada-Game\AlkoOlimpiada\Library\PackageCache\com.unity.modules.umbra)
    com.unity.modules.unityanalytics@1.0.0 (location: C:\Users\xarad\Alko-Olimpiada-Game\AlkoOlimpiada\Library\PackageCache\com.unity.modules.unityanalytics)
    com.unity.modules.unitywebrequest@1.0.0 (location: C:\Users\xarad\Alko-Olimpiada-Game\AlkoOlimpiada\Library\PackageCache\com.unity.modules.unitywebrequest)
    com.unity.modules.unitywebrequestassetbundle@1.0.0 (location: C:\Users\xarad\Alko-Olimpiada-Game\AlkoOlimpiada\Library\PackageCache\com.unity.modules.unitywebrequestassetbundle)
    com.unity.modules.unitywebrequestaudio@1.0.0 (location: C:\Users\xarad\Alko-Olimpiada-Game\AlkoOlimpiada\Library\PackageCache\com.unity.modules.unitywebrequestaudio)
    com.unity.modules.unitywebrequesttexture@1.0.0 (location: C:\Users\xarad\Alko-Olimpiada-Game\AlkoOlimpiada\Library\PackageCache\com.unity.modules.unitywebrequesttexture)
    com.unity.modules.unitywebrequestwww@1.0.0 (location: C:\Users\xarad\Alko-Olimpiada-Game\AlkoOlimpiada\Library\PackageCache\com.unity.modules.unitywebrequestwww)
    com.unity.modules.vectorgraphics@1.0.0 (location: C:\Users\xarad\Alko-Olimpiada-Game\AlkoOlimpiada\Library\PackageCache\com.unity.modules.vectorgraphics)
    com.unity.modules.vehicles@1.0.0 (location: C:\Users\xarad\Alko-Olimpiada-Game\AlkoOlimpiada\Library\PackageCache\com.unity.modules.vehicles)
    com.unity.modules.video@1.0.0 (location: C:\Users\xarad\Alko-Olimpiada-Game\AlkoOlimpiada\Library\PackageCache\com.unity.modules.video)
    com.unity.modules.wind@1.0.0 (location: C:\Users\xarad\Alko-Olimpiada-Game\AlkoOlimpiada\Library\PackageCache\com.unity.modules.wind)
    com.unity.modules.xr@1.0.0 (location: C:\Users\xarad\Alko-Olimpiada-Game\AlkoOlimpiada\Library\PackageCache\com.unity.modules.xr)
    com.unity.modules.subsystems@1.0.0 (location: C:\Users\xarad\Alko-Olimpiada-Game\AlkoOlimpiada\Library\PackageCache\com.unity.modules.subsystems)
    com.unity.modules.hierarchycore@1.0.0 (location: C:\Users\xarad\Alko-Olimpiada-Game\AlkoOlimpiada\Library\PackageCache\com.unity.modules.hierarchycore)
    com.unity.transport@6.5.0 (location: C:\Users\xarad\Alko-Olimpiada-Game\AlkoOlimpiada\Library\PackageCache\com.unity.transport@0e7d0f4a8f2e)
    com.unity.render-pipelines.core@17.5.0 (location: C:\Users\xarad\Alko-Olimpiada-Game\AlkoOlimpiada\Library\PackageCache\com.unity.render-pipelines.core@0733e3164aa3)
    com.unity.shadergraph@17.5.0 (location: C:\Users\xarad\Alko-Olimpiada-Game\AlkoOlimpiada\Library\PackageCache\com.unity.shadergraph@8aa9acb51790)
    com.unity.render-pipelines.universal-config@17.5.0 (location: C:\Users\xarad\Alko-Olimpiada-Game\AlkoOlimpiada\Library\PackageCache\com.unity.render-pipelines.universal-config@fdda01c80fe3)
    com.unity.collections@6.5.0 (location: C:\Users\xarad\Alko-Olimpiada-Game\AlkoOlimpiada\Library\PackageCache\com.unity.collections@a43cabe808ca)
    com.unity.2d.sprite@1.0.0 (location: C:\Users\xarad\Alko-Olimpiada-Game\AlkoOlimpiada\Library\PackageCache\com.unity.2d.sprite@053a968eab56)
    com.unity.mathematics@1.4.0 (location: C:\Users\xarad\Alko-Olimpiada-Game\AlkoOlimpiada\Library\PackageCache\com.unity.mathematics@981956d94fb6)
    com.unity.test-framework@1.7.0 (location: C:\Users\xarad\Alko-Olimpiada-Game\AlkoOlimpiada\Library\PackageCache\com.unity.test-framework@1405238725ab)
    com.unity.ext.nunit@2.1.0 (location: C:\Users\xarad\Alko-Olimpiada-Game\AlkoOlimpiada\Library\PackageCache\com.unity.ext.nunit@44f7d31723bd)
[Package Manager] com.unity.services.relay is deprecated: The Relay package is deprecated and will not receive further updates. The SDK is now part of the unified Multiplayer Services package (com.unity.services.multiplayer). Migrate to that package to access ongoing support and improvements.
[Subsystems] No new subsystems found in resolved package list.
[Package Manager] Done registering packages in 0.07 seconds
[ScriptCompilation] Requested script compilation because: AssetDatabase observed changes in script compilation related files
Refreshing native plugins compatible for Editor in 5.59 ms, found 3 plugins.
Starting: C:\Program Files\Unity\Hub\Editor\6000.5.3f1\Editor\Data\Tools\BuildPipeline\bee_backend.exe --ipc --defer-dag-verification --dagfile="Library/Bee/1900b0aE.dag" --continue-on-failure --profile="Library/Bee/backend1.traceevents" ScriptAssemblies
WorkingDir: C:/Users/xarad/Alko-Olimpiada-Game/AlkoOlimpiada
DisplayProgressbar: Compiling Scripts
ExitCode: 0 Duration: 1s962ms
[ 846/1659  0s] WriteResponseFile Library/Bee/artifacts/rsp/4747638433968585886.rsp
[1258/1659  0s] ILPP-Configuration Library/ilpp-configuration.nevergeneratedoutput
[1655/1659  1s] Csc Library/Bee/artifacts/1900b0aE.dag/Assembly-CSharp-Editor.dll (+2 others)
Assets\Editor\ProjectBootstrap.cs(190,66): warning CS0618: 'FindObjectsSortMode' is obsolete: 'FindObjectsSortMode has been deprecated. Use the FindObjectsByType overloads that do not take a FindObjectsSortMode parameter.'

Assets\Editor\ProjectBootstrap.cs(190,29): warning CS0618: 'Object.FindObjectsByType<T>(FindObjectsSortMode)' is obsolete: 'FindObjectsByType with FindObjectsSortMode parameter has been deprecated. Use FindObjectsByType<T>() or FindObjectsByType<T>(FindObjectsInactive) instead. InstanceID will be replaced in the future with EntityId and previous sort order cannot be maintained.'

Assets\Editor\ProjectBootstrap.cs(269,22): warning CS0618: 'Object.FindFirstObjectByType<T>()' is obsolete: 'FindFirstObjectByType has been deprecated because it relies on instance ID ordering. Use FindAnyObjectByType instead, which does not depend on ordering.'

Assets\Editor\ProjectBootstrap.cs(300,72): warning CS0618: 'FindObjectsSortMode' is obsolete: 'FindObjectsSortMode has been deprecated. Use the FindObjectsByType overloads that do not take a FindObjectsSortMode parameter.'

Assets\Editor\ProjectBootstrap.cs(300,27): warning CS0618: 'Object.FindObjectsByType<T>(FindObjectsSortMode)' is obsolete: 'FindObjectsByType with FindObjectsSortMode parameter has been deprecated. Use FindObjectsByType<T>() or FindObjectsByType<T>(FindObjectsInactive) instead. InstanceID will be replaced in the future with EntityId and previous sort order cannot be maintained.'

Assets\Editor\ProjectBootstrap.cs(304,65): warning CS0618: 'FindObjectsSortMode' is obsolete: 'FindObjectsSortMode has been deprecated. Use the FindObjectsByType overloads that do not take a FindObjectsSortMode parameter.'

Assets\Editor\ProjectBootstrap.cs(304,27): warning CS0618: 'Object.FindObjectsByType<T>(FindObjectsSortMode)' is obsolete: 'FindObjectsByType with FindObjectsSortMode parameter has been deprecated. Use FindObjectsByType<T>() or FindObjectsByType<T>(FindObjectsInactive) instead. InstanceID will be replaced in the future with EntityId and previous sort order cannot be maintained.'

Assets\Editor\ProjectBootstrap.cs(331,66): warning CS0618: 'FindObjectsSortMode' is obsolete: 'FindObjectsSortMode has been deprecated. Use the FindObjectsByType overloads that do not take a FindObjectsSortMode parameter.'

Assets\Editor\ProjectBootstrap.cs(331,29): warning CS0618: 'Object.FindObjectsByType<T>(FindObjectsSortMode)' is obsolete: 'FindObjectsByType with FindObjectsSortMode parameter has been deprecated. Use FindObjectsByType<T>() or FindObjectsByType<T>(FindObjectsInactive) instead. InstanceID will be replaced in the future with EntityId and previous sort order cannot be maintained.'

Assets\Editor\ProjectBootstrap.cs(360,71): warning CS0618: 'FindObjectsSortMode' is obsolete: 'FindObjectsSortMode has been deprecated. Use the FindObjectsByType overloads that do not take a FindObjectsSortMode parameter.'

Assets\Editor\ProjectBootstrap.cs(360,29): warning CS0618: 'Object.FindObjectsByType<T>(FindObjectsSortMode)' is obsolete: 'FindObjectsByType with FindObjectsSortMode parameter has been deprecated. Use FindObjectsByType<T>() or FindObjectsByType<T>(FindObjectsInactive) instead. InstanceID will be replaced in the future with EntityId and previous sort order cannot be maintained.'

Assets\Editor\ProjectBootstrap.cs(370,67): warning CS0618: 'FindObjectsSortMode' is obsolete: 'FindObjectsSortMode has been deprecated. Use the FindObjectsByType overloads that do not take a FindObjectsSortMode parameter.'

Assets\Editor\ProjectBootstrap.cs(370,29): warning CS0618: 'Object.FindObjectsByType<T>(FindObjectsSortMode)' is obsolete: 'FindObjectsByType with FindObjectsSortMode parameter has been deprecated. Use FindObjectsByType<T>() or FindObjectsByType<T>(FindObjectsInactive) instead. InstanceID will be replaced in the future with EntityId and previous sort order cannot be maintained.'

Assets\Editor\ProjectBootstrap.cs(389,73): warning CS0618: 'FindObjectsSortMode' is obsolete: 'FindObjectsSortMode has been deprecated. Use the FindObjectsByType overloads that do not take a FindObjectsSortMode parameter.'

Assets\Editor\ProjectBootstrap.cs(389,28): warning CS0618: 'Object.FindObjectsByType<T>(FindObjectsSortMode)' is obsolete: 'FindObjectsByType with FindObjectsSortMode parameter has been deprecated. Use FindObjectsByType<T>() or FindObjectsByType<T>(FindObjectsInactive) instead. InstanceID will be replaced in the future with EntityId and previous sort order cannot be maintained.'

Assets\Editor\ProjectBootstrap.cs(408,18): warning CS0618: 'Object.FindFirstObjectByType<T>()' is obsolete: 'FindFirstObjectByType has been deprecated because it relies on instance ID ordering. Use FindAnyObjectByType instead, which does not depend on ordering.'
[1656/1659  0s] ILPostProcess Library/Bee/artifacts/1900b0aE.dag/post-processed/Assembly-CSharp-Editor.dll (+pdb)
Processing assembly Library/Bee/artifacts/1900b0aE.dag/Assembly-CSharp-Editor.dll, with 142 defines and 376 references

processors: Unity.Jobs.CodeGen.JobsILPostProcessor, Unity.Netcode.Editor.CodeGen.INetworkMessageILPP, Unity.Netcode.Editor.CodeGen.INetworkSerializableILPP, Unity.Netcode.Editor.CodeGen.NetworkBehaviourILPP, Unity.Netcode.Editor.CodeGen.RuntimeAccessModifiersILPP, zzzUnity.Burst.CodeGen.BurstILPostProcessor

running Unity.Jobs.CodeGen.JobsILPostProcessor

running Unity.Netcode.Editor.CodeGen.INetworkMessageILPP

running Unity.Netcode.Editor.CodeGen.INetworkSerializableILPP

running Unity.Netcode.Editor.CodeGen.NetworkBehaviourILPP

running Unity.Netcode.Editor.CodeGen.RuntimeAccessModifiersILPP

running zzzUnity.Burst.CodeGen.BurstILPostProcessor
[1657/1659  0s] CopyFiles Library/ScriptAssemblies/Assembly-CSharp-Editor.pdb
[1658/1659  0s] CopyFiles Library/ScriptAssemblies/Assembly-CSharp-Editor.dll
*** Tundra build success (1.93 seconds), 6 items updated, 1659 evaluated
Assets\Editor\ProjectBootstrap.cs(190,66): warning CS0618: 'FindObjectsSortMode' is obsolete: 'FindObjectsSortMode has been deprecated. Use the FindObjectsByType overloads that do not take a FindObjectsSortMode parameter.'
Assets\Editor\ProjectBootstrap.cs(190,29): warning CS0618: 'Object.FindObjectsByType<T>(FindObjectsSortMode)' is obsolete: 'FindObjectsByType with FindObjectsSortMode parameter has been deprecated. Use FindObjectsByType<T>() or FindObjectsByType<T>(FindObjectsInactive) instead. InstanceID will be replaced in the future with EntityId and previous sort order cannot be maintained.'
Assets\Editor\ProjectBootstrap.cs(269,22): warning CS0618: 'Object.FindFirstObjectByType<T>()' is obsolete: 'FindFirstObjectByType has been deprecated because it relies on instance ID ordering. Use FindAnyObjectByType instead, which does not depend on ordering.'
Assets\Editor\ProjectBootstrap.cs(300,72): warning CS0618: 'FindObjectsSortMode' is obsolete: 'FindObjectsSortMode has been deprecated. Use the FindObjectsByType overloads that do not take a FindObjectsSortMode parameter.'
Assets\Editor\ProjectBootstrap.cs(300,27): warning CS0618: 'Object.FindObjectsByType<T>(FindObjectsSortMode)' is obsolete: 'FindObjectsByType with FindObjectsSortMode parameter has been deprecated. Use FindObjectsByType<T>() or FindObjectsByType<T>(FindObjectsInactive) instead. InstanceID will be replaced in the future with EntityId and previous sort order cannot be maintained.'
Assets\Editor\ProjectBootstrap.cs(304,65): warning CS0618: 'FindObjectsSortMode' is obsolete: 'FindObjectsSortMode has been deprecated. Use the FindObjectsByType overloads that do not take a FindObjectsSortMode parameter.'
Assets\Editor\ProjectBootstrap.cs(304,27): warning CS0618: 'Object.FindObjectsByType<T>(FindObjectsSortMode)' is obsolete: 'FindObjectsByType with FindObjectsSortMode parameter has been deprecated. Use FindObjectsByType<T>() or FindObjectsByType<T>(FindObjectsInactive) instead. InstanceID will be replaced in the future with EntityId and previous sort order cannot be maintained.'
Assets\Editor\ProjectBootstrap.cs(331,66): warning CS0618: 'FindObjectsSortMode' is obsolete: 'FindObjectsSortMode has been deprecated. Use the FindObjectsByType overloads that do not take a FindObjectsSortMode parameter.'
Assets\Editor\ProjectBootstrap.cs(331,29): warning CS0618: 'Object.FindObjectsByType<T>(FindObjectsSortMode)' is obsolete: 'FindObjectsByType with FindObjectsSortMode parameter has been deprecated. Use FindObjectsByType<T>() or FindObjectsByType<T>(FindObjectsInactive) instead. InstanceID will be replaced in the future with EntityId and previous sort order cannot be maintained.'
Assets\Editor\ProjectBootstrap.cs(360,71): warning CS0618: 'FindObjectsSortMode' is obsolete: 'FindObjectsSortMode has been deprecated. Use the FindObjectsByType overloads that do not take a FindObjectsSortMode parameter.'
Assets\Editor\ProjectBootstrap.cs(360,29): warning CS0618: 'Object.FindObjectsByType<T>(FindObjectsSortMode)' is obsolete: 'FindObjectsByType with FindObjectsSortMode parameter has been deprecated. Use FindObjectsByType<T>() or FindObjectsByType<T>(FindObjectsInactive) instead. InstanceID will be replaced in the future with EntityId and previous sort order cannot be maintained.'
Assets\Editor\ProjectBootstrap.cs(370,67): warning CS0618: 'FindObjectsSortMode' is obsolete: 'FindObjectsSortMode has been deprecated. Use the FindObjectsByType overloads that do not take a FindObjectsSortMode parameter.'
Assets\Editor\ProjectBootstrap.cs(370,29): warning CS0618: 'Object.FindObjectsByType<T>(FindObjectsSortMode)' is obsolete: 'FindObjectsByType with FindObjectsSortMode parameter has been deprecated. Use FindObjectsByType<T>() or FindObjectsByType<T>(FindObjectsInactive) instead. InstanceID will be replaced in the future with EntityId and previous sort order cannot be maintained.'
Assets\Editor\ProjectBootstrap.cs(389,73): warning CS0618: 'FindObjectsSortMode' is obsolete: 'FindObjectsSortMode has been deprecated. Use the FindObjectsByType overloads that do not take a FindObjectsSortMode parameter.'
Assets\Editor\ProjectBootstrap.cs(389,28): warning CS0618: 'Object.FindObjectsByType<T>(FindObjectsSortMode)' is obsolete: 'FindObjectsByType with FindObjectsSortMode parameter has been deprecated. Use FindObjectsByType<T>() or FindObjectsByType<T>(FindObjectsInactive) instead. InstanceID will be replaced in the future with EntityId and previous sort order cannot be maintained.'
Assets\Editor\ProjectBootstrap.cs(408,18): warning CS0618: 'Object.FindFirstObjectByType<T>()' is obsolete: 'FindFirstObjectByType has been deprecated because it relies on instance ID ordering. Use FindAnyObjectByType instead, which does not depend on ordering.'
AssetDatabase: script compilation time: 2.367060s
Begin MonoManager ReloadAssembly
Refreshing native plugins compatible for Editor in 3.74 ms, found 3 plugins.
Native extension for WindowsStandalone target not found
Native extension for WebGL target not found
Refreshing native plugins compatible for Editor in 9.25 ms, found 3 plugins.
Refreshing native plugins compatible for Editor in 4.30 ms, found 3 plugins.
[Licensing::Client] Error: Code 404 while processing request (status: Found 0 entitlement groups and 0 free entitlements matching requested entitlement ids)
[Licensing::Client] Error: Code 404 while processing request (status: Found 0 entitlement groups and 0 free entitlements matching requested entitlement ids)
[Licensing::Client] Error: Code 404 while processing request (status: Found 0 entitlement groups and 0 free entitlements matching requested entitlement ids)
ScheduleIndexationOnStartup MainProcess:True IndexOnStartup:True
Mono: successfully reloaded assembly
- Finished resetting the current domain, in  3.582 seconds
Domain Reload Profiling: 4592ms
	BeginReloadAssembly (282ms)
		DisableScriptedObjects (19ms)
		CreateAndSetChildDomain (148ms)
	RebuildCommonClasses (6ms)
	RebuildNativeTypeToScriptingClass (12ms)
	initialDomainReloadingComplete (69ms)
	LoadAllAssembliesAndSetupDomain (641ms)
		LoadAssemblies (301ms)
		AnalyzeDomain (299ms)
			TypeCache.Refresh (225ms)
				TypeCache.ScanAssembly (211ms)
			BuildScriptInfoCaches (68ms)
			ResolveRequiredComponents (5ms)
	FinalizeReload (3582ms)
		SetupLoadedEditorAssemblies (0ms)
			BeforeProcessingInitializeOnLoad (92ms)
			ProcessInitializeOnLoadAttributes (2752ms)
			ProcessInitializeOnLoadMethodAttributes (565ms)
			AfterProcessingInitializeOnLoad (5ms)
		AwakeInstancesAfterBackupRestoration (20ms)
Starting new worker id: 0 with log in C:/Users/xarad/Alko-Olimpiada-Game/AlkoOlimpiada/Logs/AssetImportWorkerHW0.log
Refreshing native plugins compatible for Editor in 7.05 ms, found 3 plugins.
Preloading 2 native plugins for Editor in 3.35 ms.

Asset Pipeline Refresh (id=77be6483389e00d49b84fec4c3d49817): Total: 8.343 seconds - Initiated by InitialRefreshV2(ForceSynchronousImport)
	(Values over 0.05ms)
	Summary:
		Imports: total=0 (actual=0, local cache=0, cache server=0)
		Asset DB Process Time: managed=0 ms, native=4193 ms
		Asset DB Callback time: managed=548 ms, native=96 ms
		Scripting: domain reloads=1, domain reload time=1071 ms, compile time=2368 ms, other=64 ms
		Project Asset Count: scripts=1986, non-scripts=4822
		Asset File Changes: new=0, changed=1, moved=0, deleted=0
		Scan Filter Count: 0
	InvokePackagesCallback: 69.744ms
	ApplyChangesToAssetFolders: 0.656ms
	Scan: 189.626ms
	Collect global state as custom dependencies: 3.768ms
	OnSourceAssetsModified: 0.688ms
	CategorizeScriptCompilationAssets: 45.705ms
	ProcessAssetsWithTransientArtifactChanges: 71.682ms
	CategorizeAssets: 64.297ms
	CompileScripts: 2368.248ms
	ImportOutOfDateAssets: 3685.306ms (3609.829ms without children)
		UnloadImportedAssets: 0.681ms
		EnsureUptoDateAssetsAreRegisteredWithGuidPM: 0.837ms
		ImportSchedulerStart: 73.926ms
	PostProcessAllAssets: 550.981ms
		XRBuildSystem.XRAssetImported 1.131ms
		VCAutoAddAssetPostprocess 1.000ms
		PostProcessCallbackCreateDeferredMaterials 0.233ms
		ShaderAssetModifiedCallback 0.070ms
		MonoPostProcessAllAssets: 548.069ms
			AssetPostprocessor.OnPostprocessAllAssets 166.012ms
			StyleCatalogPostProcessor.OnPostprocessAllAssets 47.700ms
			NetworkPrefabProcessor.OnPostprocessAllAssets 45.883ms
			AssetReferenceReimportMonitor.OnPostprocessAllAssets 41.760ms
			UniversalRenderPipelineGlobalSettingsPostprocessor.OnPostprocessAllAssets 36.159ms
			BuilderAssetPostprocessor.OnPostprocessAllAssets 12.069ms
			SpriteSlicePostprocessor.OnPostprocessAllAssets 3.159ms
			WindowAssetPostprocessingWatcher.OnPostprocessAllAssets 2.500ms
			SpeedTree9Postprocessor.OnPostprocessAllAssets 2.175ms
			GraphRefreshPostprocessor.OnPostprocessAllAssets 1.680ms
			RetainedModeAssetPostprocessor.OnPostprocessAllAssets 1.553ms
			AssetChangedListener.OnPostprocessAllAssets 1.499ms
			SyncVS.PostprocessSyncProject 1.423ms
			ShaderGraphAssetPostProcessor.OnPostprocessAllAssets 1.311ms
			MaterialPostprocessor.OnPostprocessAllAssets 1.006ms
			RenderPipelineGlobalSettingsPostprocessor.OnPostprocessAllAssets 0.928ms
			ConfigAssetsTracker.OnPostprocessAllAssets 0.752ms
			EditModeScopePostprocessor.OnPostprocessAllAssets 0.737ms
			AssetChangeDetector.OnPostprocessAllAssets 0.714ms
			ArtifactBrowserPostProcessor.OnPostprocessAllAssets 0.703ms
			SpriteEditorTexturePostprocessor.OnPostprocessAllAssets 0.688ms
			ModelAssetProcessor.OnPostprocessAllAssets 0.525ms
			ReferencedClipsPostProcessor.OnPostprocessAllAssets 0.516ms
			InputActionAssetPostprocessor.OnPostprocessAllAssets 0.472ms
			ProjectSettingsPostprocessor.OnPostprocessAllAssets 0.452ms
			TextAssetPostProcessor.OnPostprocessAllAssets 0.421ms
			AudioMixerPostprocessor.OnPostprocessAllAssets 0.402ms
			InputActionJsonNameModifierAssetProcessor.OnPostprocessAllAssets 0.396ms
			ShaderReflectionAssetPostProcessor.OnPostprocessAllAssets 0.375ms
			AssetDatabaseCallbacks.OnPostprocessAllAssets 0.363ms
			SkillsProjectAssetPostprocessor.OnPostprocessAllAssets 0.328ms
			AssetEvents.OnPostprocessAllAssets 0.302ms
			SampleDependencyImporterPostProcessor.OnPostprocessAllAssets 0.253ms
			TerrainToolbarOverlayPostProcessor.OnPostprocessAllAssets 0.247ms
			TMPro_TexturePostProcessor.OnPostprocessAllAssets 0.245ms
			PostProcessor.OnPostprocessAllAssets 0.242ms
			ScenarioDriftAssetsTracker.OnPostprocessAllAssets 0.213ms
			SpeedTreePostProcessor.OnPostprocessAllAssets 0.192ms
			AudioContainerPostProcessor.OnPostprocessAllAssets 0.122ms
	PostAssetChangesProfiler: 25.299ms
	UnloadStreamsBegin: 2.173ms
	PersistCurrentRevisions: 0.231ms
	GenerateScriptTypeHashes: 2.956ms
	GenerateScriptTypeSerializationHashes: 8.749ms
	Untracked: 1256.575ms

Application.AssetDatabase Initial Refresh End
Launched and connected shader compiler UnityShaderCompiler.exe after 0.02 seconds
Scanning for USB devices : 10.709ms
Initializing Unity extensions:
[MODES] ModeService[none].Initialize
[MODES] ModeService[none].LoadModes
[MODES] Loading mode Default (0) for mode-current-id-AlkoOlimpiada
Unloading 131 Unused Serialized files (Serialized files now loaded: 0)
Unloading 9309 unused Assets / (29.5 MB). Loaded Objects now: 10433.
Memory consumption went from 0.55 GB to 0.52 GB.
Total: 31.144900 ms (FindLiveObjects: 1.257000 ms CreateObjectMapping: 2.945100 ms MarkObjects: 14.278000 ms  DeleteObjects: 12.658400 ms)

Loaded scene 'Library/Unused/b9b4df272e295764e95656aea56c91d4'
	Deserialize:            2.270 ms
	Integration:            73.928 ms
	Integration of assets:  0.006 ms
	Thread Wait Time:       0.008 ms
	Total Operation Time:   76.213 ms
Importing 'GUID: 6dbafefb66a47cb45b120107b294d12b - Path: Assets/Prefabs/Player.prefab' with importer (PrefabImporter)
Imported 'GUID: 6dbafefb66a47cb45b120107b294d12b' -> (Import Result ID: '362d35d1fc4bc129b014b1b39734b0ba') in 0.009 seconds [static and dynamic dependencies]. Details - ImportResultOutputID=30260a328840d050d41d54d75121bdad DependenciesID=32c0d517d384daf4d08e9e0628364ec2 StaticDependenciesID=b0b6651d75659db7614ca9fd51dffc2e 
Refreshing native plugins compatible for Editor in 3.69 ms, found 3 plugins.
Asset Pipeline Refresh (id=acd406579c85e9244a813173073325e8): Total: 0.193 seconds - Initiated by StopAssetImportingV2(NoUpdateAssetOptions)
Importing 'GUID: 0000000000000000b000000000000000 - Path: ProjectSettings/EditorBuildSettings.asset' with importer (LibraryAssetImporter)
Imported 'GUID: 0000000000000000b000000000000000' -> (Import Result ID: 'ff10dbacff4356c6932456eab9df5cb7') in 0.001 seconds [static dependencies only]. Details - ImportResultOutputID=4647dd083cfc32cebcd7526e8846440c DependenciesID=15345bb98686c8e462405130794c0956 StaticDependenciesID=529f1a595fc1a279424fdea3dc4c9f01 
Refreshing native plugins compatible for Editor in 3.79 ms, found 3 plugins.
Asset Pipeline Refresh (id=2144d433c345328498e77603ac3cb9c8): Total: 0.062 seconds - Initiated by StopAssetImportingV2(NoUpdateAssetOptions)
[Bootstrap] GroundRef OK
UnityEngine.Debug:ExtractStackTraceNoAlloc (byte*,int,string)
UnityEngine.StackTraceUtility:ExtractStackTrace ()
UnityEngine.DebugLogHandler:Internal_Log (UnityEngine.LogType,UnityEngine.LogOption,string,UnityEngine.Object)
UnityEngine.DebugLogHandler:LogFormat (UnityEngine.LogType,UnityEngine.Object,string,object[])
UnityEngine.Logger:Log (UnityEngine.LogType,object)
UnityEngine.Debug:Log (object)
ProjectBootstrap:AddGroundRef () (at Assets/Editor/ProjectBootstrap.cs:826)

(Filename: Assets/Editor/ProjectBootstrap.cs Line: 826)

Batchmode quit successfully invoked - shutting down!
[Physics::Module] Cleanup current backend.
[Physics::Module] Id: 0xf2b8ea05
Input System module state changed to: ShutdownInProgress.
Input Polling Thread exited.
Input System module state changed to: Shutdown.
[Licensing::IpcConnector] LicenseClient-xarad-6000.5.3-notifications channel disconnected successfully.
[Licensing::IpcConnector] LicenseClient-xarad-6000.5.3 channel disconnected successfully.
AcceleratorClientConnectionCallback - disconnected - :0
Cleanup mono
CodeReloadManager destroyed
Exiting batchmode successfully now!
Exiting without the bug reporter. Application will terminate with return code 0