Mono path[0] = 'C:/Users/xarad/Alko-Olimpiada-Game/AlkoOlimpiada/Builds/Win/AlkoOlimpiada_Data/Managed'
Mono config path = 'C:/Users/xarad/Alko-Olimpiada-Game/AlkoOlimpiada/Builds/Win/MonoBleedingEdge/etc'
CodeReloadManager initialized
Input System module state changed to: Initialized.
[Physics::Module] Initialized fallback backend.
[Physics::Module] Id: 0xdecafbad
Initialize engine version: 6000.5.3f1 (c2eb47b3a2a9)
[Subsystems] Discovering subsystems at path C:/Users/xarad/Alko-Olimpiada-Game/AlkoOlimpiada/Builds/Win/AlkoOlimpiada_Data/UnitySubsystems
Forcing GfxDevice: Null
GfxDevice: creating device client; kGfxThreadingModeNonThreaded
NullGfxDevice:
    Version:  NULL 1.0 [1.0]
    Renderer: Null Device
    Vendor:   Unity Technologies
Begin MonoManager ReloadAssembly
- Finished resetting the current domain, in  0.034 seconds
[Physics::Module] Selected backend.
[Physics::Module] Name: PhysX
[Physics::Module] Id: 0xf2b8ea05
[Physics::Module] SDK Version: 4.1.2
[Physics::Module] Integration Version: 1.0.0
[Physics::Module] Threading Mode: Multi-Threaded
Microsoft Media Foundation video decoding to texture disabled: graphics device is Null, only Direct3D 11 and Direct3D 12 (only on desktop) are supported for hardware-accelerated video decoding.
UnloadTime: 0.839200 ms
[Net] Polaczony klient 1
Unloading 6 Unused Serialized files (Serialized files now loaded: 0)
UnloadTime: 5.881900 ms
Unloading 18 unused Assets to reduce memory usage. Loaded Objects now: 3803.
Total: 11.801500 ms (FindLiveObjects: 0.131600 ms CreateObjectMapping: 0.246500 ms MarkObjects: 1.405600 ms  DeleteObjects: 10.017700 ms)

Unloading 2 Unused Serialized files (Serialized files now loaded: 0)
UnloadTime: 0.953800 ms
Unloading 1 unused Assets to reduce memory usage. Loaded Objects now: 4219.
Total: 1.624800 ms (FindLiveObjects: 0.134200 ms CreateObjectMapping: 0.277600 ms MarkObjects: 1.203600 ms  DeleteObjects: 0.009300 ms)

